[     666ms] [INFO] %cDownload the React DevTools for a better development experience: https://react.dev/link/react-devtools font-weight:bold @ http://localhost:8081/node_modules/expo/AppEntry.bundle?platform=web&dev=true&hot=false&lazy=true&transform.engine=hermes&transform.routerRoot=app&unstable_transformProfile=hermes-stable:18430
[     739ms] [LOG] 🔍 [20:59:50] [i18n] [i18n] ✅ i18n initialized @ http://localhost:8081/node_modules/expo/AppEntry.bundle?platform=web&dev=true&hot=false&lazy=true&transform.engine=hermes&transform.routerRoot=app&unstable_transformProfile=hermes-stable:107411
[     741ms] [WARNING] Require cycle: src/i18n/index.ts -> src/i18n/rtl.ts -> src/i18n/index.ts

Require cycles are allowed, but can result in uninitialized values. Consider refactoring to remove the need for a cycle. @ http://localhost:8081/node_modules/expo/AppEntry.bundle?platform=web&dev=true&hot=false&lazy=true&transform.engine=hermes&transform.routerRoot=app&unstable_transformProfile=hermes-stable:73
[     745ms] [WARNING] ⚠️ [20:59:50] [i18n] [i18n] Failed to register RTL listener: TypeError: Cannot read properties of undefined (reading 'isInitialized')
    at registerRTLListener (http://localhost:8081/node_modules/expo/AppEntry.bundle?platform=web&dev=true&hot=false&lazy=true&transform.engine=hermes&transform.routerRoot=app&unstable_transformProfile=hermes-stable:141667:22)
    at http://localhost:8081/node_modules/expo/AppEntry.bundle?platform=web&dev=true&hot=false&lazy=true&transform.engine=hermes&transform.routerRoot=app&unstable_transformProfile=hermes-stable:128808:5
    at loadModuleImplementation (http://localhost:8081/node_modules/expo/AppEntry.bundle?platform=web&dev=true&hot=false&lazy=true&transform.engine=hermes&transform.routerRoot=app&unstable_transformProfile=hermes-stable:254:34)
    at guardedLoadModule (http://localhost:8081/node_modules/expo/AppEntry.bundle?platform=web&dev=true&hot=false&lazy=true&transform.engine=hermes&transform.routerRoot=app&unstable_transformProfile=hermes-stable:166:14)
    at metroRequire (http://localhost:8081/node_modules/expo/AppEntry.bundle?platform=web&dev=true&hot=false&lazy=true&transform.engine=hermes&transform.routerRoot=app&unstable_transformProfile=hermes-stable:79:75)
    at http://localhost:8081/node_modules/expo/AppEntry.bundle?platform=web&dev=true&hot=false&lazy=true&transform.engine=hermes&transform.routerRoot=app&unstable_transformProfile=hermes-stable:24663:3
    at loadModuleImplementation (http://localhost:8081/node_modules/expo/AppEntry.bundle?platform=web&dev=true&hot=false&lazy=true&transform.engine=hermes&transform.routerRoot=app&unstable_transformProfile=hermes-stable:254:34)
    at guardedLoadModule (http://localhost:8081/node_modules/expo/AppEntry.bundle?platform=web&dev=true&hot=false&lazy=true&transform.engine=hermes&transform.routerRoot=app&unstable_transformProfile=hermes-stable:166:14)
    at metroRequire (http://localhost:8081/node_modules/expo/AppEntry.bundle?platform=web&dev=true&hot=false&lazy=true&transform.engine=hermes&transform.routerRoot=app&unstable_transformProfile=hermes-stable:79:75)
    at http://localhost:8081/node_modules/expo/AppEntry.bundle?platform=web&dev=true&hot=false&lazy=true&transform.engine=hermes&transform.routerRoot=app&unstable_transformProfile=hermes-stable:684:14 @ http://localhost:8081/node_modules/expo/AppEntry.bundle?platform=web&dev=true&hot=false&lazy=true&transform.engine=hermes&transform.routerRoot=app&unstable_transformProfile=hermes-stable:107400
[     778ms] [WARNING] This method is deprecated (as well as all React Native Firebase namespaced API) and will be removed in the next major release as part of move to match Firebase Web modular SDK API. Please see migration guide for more details: https://rnfirebase.io/migrating-to-v22 Please use `getApps()` instead. @ http://localhost:8081/node_modules/expo/AppEntry.bundle?platform=web&dev=true&hot=false&lazy=true&transform.engine=hermes&transform.routerRoot=app&unstable_transformProfile=hermes-stable:192144
[     787ms] [WARNING] [expo-notifications] Listening to push token changes is not yet fully supported on web. Adding a listener will have no effect. @ http://localhost:8081/node_modules/expo/AppEntry.bundle?platform=web&dev=true&hot=false&lazy=true&transform.engine=hermes&transform.routerRoot=app&unstable_transformProfile=hermes-stable:205377
[     793ms] [WARNING] "shadow*" style props are deprecated. Use "boxShadow". @ http://localhost:8081/node_modules/expo/AppEntry.bundle?platform=web&dev=true&hot=false&lazy=true&transform.engine=hermes&transform.routerRoot=app&unstable_transformProfile=hermes-stable:23334
[     902ms] [LOG] Running application "main" with appParams:
 {rootTag: #root, hydrate: undefined} 
Development-level warnings: ON.
Performance optimizations: OFF. @ http://localhost:8081/node_modules/expo/AppEntry.bundle?platform=web&dev=true&hot=false&lazy=true&transform.engine=hermes&transform.routerRoot=app&unstable_transformProfile=hermes-stable:4149
[     916ms] [LOG] ℹ️ [20:59:50] [rtl] Switching RTL mode: undefined -> false @ http://localhost:8081/node_modules/expo/AppEntry.bundle?platform=web&dev=true&hot=false&lazy=true&transform.engine=hermes&transform.routerRoot=app&unstable_transformProfile=hermes-stable:107390
[     916ms] [LOG] ℹ️ [20:59:50] [rdvNotificationService] [rdvNotificationService] Cleaned up 0 past reminders @ http://localhost:8081/node_modules/expo/AppEntry.bundle?platform=web&dev=true&hot=false&lazy=true&transform.engine=hermes&transform.routerRoot=app&unstable_transformProfile=hermes-stable:107390
[     932ms] [LOG] 🔍 [20:59:50] [PregnancyContext] [PregnancyContext] 🚀 Component mounted, user: undefined @ http://localhost:8081/node_modules/expo/AppEntry.bundle?platform=web&dev=true&hot=false&lazy=true&transform.engine=hermes&transform.routerRoot=app&unstable_transformProfile=hermes-stable:107411
[     932ms] [LOG] 🔍 [20:59:50] [PregnancyContext] [PregnancyContext] 🔍 Auto-sync effect triggered, profile.lmp: undefined isTTC: undefined @ http://localhost:8081/node_modules/expo/AppEntry.bundle?platform=web&dev=true&hot=false&lazy=true&transform.engine=hermes&transform.routerRoot=app&unstable_transformProfile=hermes-stable:107411
[     932ms] [LOG] 🔍 [20:59:50] [PregnancyContext] [PregnancyContext] ⚠️ No profile, skipping auto-sync setup @ http://localhost:8081/node_modules/expo/AppEntry.bundle?platform=web&dev=true&hot=false&lazy=true&transform.engine=hermes&transform.routerRoot=app&unstable_transformProfile=hermes-stable:107411
[     933ms] [LOG] 🔍 [20:59:50] [AuthContext] [AuthContext] ⚡️ Restored user from AsyncStorage @ http://localhost:8081/node_modules/expo/AppEntry.bundle?platform=web&dev=true&hot=false&lazy=true&transform.engine=hermes&transform.routerRoot=app&unstable_transformProfile=hermes-stable:107411
[     935ms] [LOG] 🔍 [20:59:50] [pregnancyCalculator] [PregnancyCalculator] ✅ Calculated: Week 1, Day 1 (0 days since LMP) @ http://localhost:8081/node_modules/expo/AppEntry.bundle?platform=web&dev=true&hot=false&lazy=true&transform.engine=hermes&transform.routerRoot=app&unstable_transformProfile=hermes-stable:107411
[     935ms] [LOG] 🔍 [20:59:50] [PregnancyContext] [PregnancyContext] 📊 Week 1, Day 1, isInvalid=false @ http://localhost:8081/node_modules/expo/AppEntry.bundle?platform=web&dev=true&hot=false&lazy=true&transform.engine=hermes&transform.routerRoot=app&unstable_transformProfile=hermes-stable:107411
[     935ms] [LOG] 🔍 [20:59:50] [PregnancyContext] [PregnancyContext] ⚡️ Used profile from AuthContext @ http://localhost:8081/node_modules/expo/AppEntry.bundle?platform=web&dev=true&hot=false&lazy=true&transform.engine=hermes&transform.routerRoot=app&unstable_transformProfile=hermes-stable:107411
[     945ms] [LOG] ℹ️ [20:59:50] [RemindersScheduler] 🔄 Syncing reminders (locale: en, user: guest_1777922735077)... @ http://localhost:8081/node_modules/expo/AppEntry.bundle?platform=web&dev=true&hot=false&lazy=true&transform.engine=hermes&transform.routerRoot=app&unstable_transformProfile=hermes-stable:107390
[     945ms] [LOG] 🔍 [20:59:50] [PregnancyContext] [PregnancyContext] 🔍 Auto-sync effect triggered, profile.lmp: 2026-05-04T19:24:42.020Z isTTC: undefined @ http://localhost:8081/node_modules/expo/AppEntry.bundle?platform=web&dev=true&hot=false&lazy=true&transform.engine=hermes&transform.routerRoot=app&unstable_transformProfile=hermes-stable:107411
[     946ms] [LOG] 🔍 [20:59:50] [PregnancyContext] [PregnancyContext] 🔄 Setting up auto-sync interval @ http://localhost:8081/node_modules/expo/AppEntry.bundle?platform=web&dev=true&hot=false&lazy=true&transform.engine=hermes&transform.routerRoot=app&unstable_transformProfile=hermes-stable:107411
[     946ms] [LOG] 🔍 [20:59:50] [pregnancyCalculator] [PregnancyCalculator] ✅ Calculated: Week 1, Day 1 (0 days since LMP) @ http://localhost:8081/node_modules/expo/AppEntry.bundle?platform=web&dev=true&hot=false&lazy=true&transform.engine=hermes&transform.routerRoot=app&unstable_transformProfile=hermes-stable:107411
[     946ms] [LOG] 🔍 [20:59:50] [PregnancyContext] [PregnancyContext] 📊 Week 1, Day 1, isInvalid=false @ http://localhost:8081/node_modules/expo/AppEntry.bundle?platform=web&dev=true&hot=false&lazy=true&transform.engine=hermes&transform.routerRoot=app&unstable_transformProfile=hermes-stable:107411
[     946ms] [ERROR] ❌ [20:59:50] [RemindersScheduler] [RemindersScheduler] Error cancelling owned notifications: UnavailabilityError: The method or property Notifications.getAllScheduledNotificationsAsync is not available on web, are you sure you've linked all the native dependencies properly?
    at Object.getAllScheduledNotificationsAsync (http://localhost:8081/node_modules/expo/AppEntry.bundle?platform=web&dev=true&hot=false&lazy=true&transform.engine=hermes&transform.routerRoot=app&unstable_transformProfile=hermes-stable:213276:13)
    at cancelOwnedNotifications (http://localhost:8081/node_modules/expo/AppEntry.bundle?platform=web&dev=true&hot=false&lazy=true&transform.engine=hermes&transform.routerRoot=app&unstable_transformProfile=hermes-stable:379156:45)
    at syncRemindersToNotifications (http://localhost:8081/node_modules/expo/AppEntry.bundle?platform=web&dev=true&hot=false&lazy=true&transform.engine=hermes&transform.routerRoot=app&unstable_transformProfile=hermes-stable:379203:13)
    at http://localhost:8081/node_modules/expo/AppEntry.bundle?platform=web&dev=true&hot=false&lazy=true&transform.engine=hermes&transform.routerRoot=app&unstable_transformProfile=hermes-stable:25225:73
    at react-stack-bottom-frame (http://localhost:8081/node_modules/expo/AppEntry.bundle?platform=web&dev=true&hot=false&lazy=true&transform.engine=hermes&transform.routerRoot=app&unstable_transformProfile=hermes-stable:17779:20)
    at runWithFiberInDEV (http://localhost:8081/node_modules/expo/AppEntry.bundle?platform=web&dev=true&hot=false&lazy=true&transform.engine=hermes&transform.routerRoot=app&unstable_transformProfile=hermes-stable:5698:70)
    at commitHookEffectListMount (http://localhost:8081/node_modules/expo/AppEntry.bundle?platform=web&dev=true&hot=false&lazy=true&transform.engine=hermes&transform.routerRoot=app&unstable_transformProfile=hermes-stable:10688:620)
    at commitHookPassiveMountEffects (http://localhost:8081/node_modules/expo/AppEntry.bundle?platform=web&dev=true&hot=false&lazy=true&transform.engine=hermes&transform.routerRoot=app&unstable_transformProfile=hermes-stable:10725:58)
    at commitPassiveMountOnFiber (http://localhost:8081/node_modules/expo/AppEntry.bundle?platform=web&dev=true&hot=false&lazy=true&transform.engine=hermes&transform.routerRoot=app&unstable_transformProfile=hermes-stable:11627:27)
    at recursivelyTraversePassiveMountEffects (http://localhost:8081/node_modules/expo/AppEntry.bundle?platform=web&dev=true&hot=false&lazy=true&transform.engine=hermes&transform.routerRoot=app&unstable_transformProfile=hermes-stable:11618:106) @ http://localhost:8081/node_modules/expo/AppEntry.bundle?platform=web&dev=true&hot=false&lazy=true&transform.engine=hermes&transform.routerRoot=app&unstable_transformProfile=hermes-stable:107405
[     947ms] [LOG] 🔍 [20:59:50] [RemindersScheduler] [RemindersScheduler] Scheduling 8:00 local (UTC+2) @ http://localhost:8081/node_modules/expo/AppEntry.bundle?platform=web&dev=true&hot=false&lazy=true&transform.engine=hermes&transform.routerRoot=app&unstable_transformProfile=hermes-stable:107411
[     947ms] [LOG] ℹ️ [20:59:50] [NotificationService] Scheduling reminder: {reminderId: rem_hyd_water, title: 💧 Self-care, hour: 8, minute: 0} @ http://localhost:8081/node_modules/expo/AppEntry.bundle?platform=web&dev=true&hot=false&lazy=true&transform.engine=hermes&transform.routerRoot=app&unstable_transformProfile=hermes-stable:107390
[     947ms] [LOG] ℹ️ [20:59:50] [NotificationService] Requesting permissions... @ http://localhost:8081/node_modules/expo/AppEntry.bundle?platform=web&dev=true&hot=false&lazy=true&transform.engine=hermes&transform.routerRoot=app&unstable_transformProfile=hermes-stable:107390
[     951ms] [LOG] 🔍 [20:59:50] [NotificationService] Existing permission status: denied @ http://localhost:8081/node_modules/expo/AppEntry.bundle?platform=web&dev=true&hot=false&lazy=true&transform.engine=hermes&transform.routerRoot=app&unstable_transformProfile=hermes-stable:107411
[     952ms] [WARNING] Notifications permission has been blocked as the user has ignored the permission prompt several times. This can be reset in Page Info which can be accessed by clicking the tune icon next to the URL. See https://www.chromestatus.com/feature/6443143280984064 for more information. @ http://localhost:8081/HomeMain:0
[     952ms] [LOG] 🔍 [20:59:50] [NotificationService] New permission status: denied @ http://localhost:8081/node_modules/expo/AppEntry.bundle?platform=web&dev=true&hot=false&lazy=true&transform.engine=hermes&transform.routerRoot=app&unstable_transformProfile=hermes-stable:107411
[     952ms] [WARNING] ⚠️ [20:59:50] [NotificationService] Notification permissions denied @ http://localhost:8081/node_modules/expo/AppEntry.bundle?platform=web&dev=true&hot=false&lazy=true&transform.engine=hermes&transform.routerRoot=app&unstable_transformProfile=hermes-stable:107400
[     952ms] [WARNING] ⚠️ [20:59:50] [NotificationService] Skipping schedule for rem_hyd_water: notification permission denied @ http://localhost:8081/node_modules/expo/AppEntry.bundle?platform=web&dev=true&hot=false&lazy=true&transform.engine=hermes&transform.routerRoot=app&unstable_transformProfile=hermes-stable:107400
[     953ms] [LOG] 🔍 [20:59:50] [RemindersScheduler] [RemindersScheduler] Scheduling 13:00 local (UTC+2) @ http://localhost:8081/node_modules/expo/AppEntry.bundle?platform=web&dev=true&hot=false&lazy=true&transform.engine=hermes&transform.routerRoot=app&unstable_transformProfile=hermes-stable:107411
[     953ms] [LOG] ℹ️ [20:59:50] [NotificationService] Scheduling reminder: {reminderId: rem_hyd_water, title: 💧 Self-care, hour: 13, minute: 0} @ http://localhost:8081/node_modules/expo/AppEntry.bundle?platform=web&dev=true&hot=false&lazy=true&transform.engine=hermes&transform.routerRoot=app&unstable_transformProfile=hermes-stable:107390
[     953ms] [LOG] ℹ️ [20:59:50] [NotificationService] Requesting permissions... @ http://localhost:8081/node_modules/expo/AppEntry.bundle?platform=web&dev=true&hot=false&lazy=true&transform.engine=hermes&transform.routerRoot=app&unstable_transformProfile=hermes-stable:107390
[     953ms] [LOG] 🔍 [20:59:50] [NotificationService] Existing permission status: denied @ http://localhost:8081/node_modules/expo/AppEntry.bundle?platform=web&dev=true&hot=false&lazy=true&transform.engine=hermes&transform.routerRoot=app&unstable_transformProfile=hermes-stable:107411
[     953ms] [WARNING] Notifications permission has been blocked as the user has ignored the permission prompt several times. This can be reset in Page Info which can be accessed by clicking the tune icon next to the URL. See https://www.chromestatus.com/feature/6443143280984064 for more information. @ http://localhost:8081/HomeMain:0
[     953ms] [LOG] 🔍 [20:59:50] [NotificationService] New permission status: denied @ http://localhost:8081/node_modules/expo/AppEntry.bundle?platform=web&dev=true&hot=false&lazy=true&transform.engine=hermes&transform.routerRoot=app&unstable_transformProfile=hermes-stable:107411
[     953ms] [WARNING] ⚠️ [20:59:50] [NotificationService] Notification permissions denied @ http://localhost:8081/node_modules/expo/AppEntry.bundle?platform=web&dev=true&hot=false&lazy=true&transform.engine=hermes&transform.routerRoot=app&unstable_transformProfile=hermes-stable:107400
[     953ms] [WARNING] ⚠️ [20:59:50] [NotificationService] Skipping schedule for rem_hyd_water: notification permission denied @ http://localhost:8081/node_modules/expo/AppEntry.bundle?platform=web&dev=true&hot=false&lazy=true&transform.engine=hermes&transform.routerRoot=app&unstable_transformProfile=hermes-stable:107400
[     954ms] [LOG] 🔍 [20:59:50] [RemindersScheduler] [RemindersScheduler] Scheduling 18:00 local (UTC+2) @ http://localhost:8081/node_modules/expo/AppEntry.bundle?platform=web&dev=true&hot=false&lazy=true&transform.engine=hermes&transform.routerRoot=app&unstable_transformProfile=hermes-stable:107411
[     954ms] [LOG] ℹ️ [20:59:50] [NotificationService] Scheduling reminder: {reminderId: rem_hyd_water, title: 💧 Moment for you, hour: 18, minute: 0} @ http://localhost:8081/node_modules/expo/AppEntry.bundle?platform=web&dev=true&hot=false&lazy=true&transform.engine=hermes&transform.routerRoot=app&unstable_transformProfile=hermes-stable:107390
[     954ms] [LOG] ℹ️ [20:59:50] [NotificationService] Requesting permissions... @ http://localhost:8081/node_modules/expo/AppEntry.bundle?platform=web&dev=true&hot=false&lazy=true&transform.engine=hermes&transform.routerRoot=app&unstable_transformProfile=hermes-stable:107390
[     954ms] [LOG] 🔍 [20:59:50] [NotificationService] Existing permission status: denied @ http://localhost:8081/node_modules/expo/AppEntry.bundle?platform=web&dev=true&hot=false&lazy=true&transform.engine=hermes&transform.routerRoot=app&unstable_transformProfile=hermes-stable:107411
[     954ms] [LOG] 🔍 [20:59:50] [NotificationService] New permission status: denied @ http://localhost:8081/node_modules/expo/AppEntry.bundle?platform=web&dev=true&hot=false&lazy=true&transform.engine=hermes&transform.routerRoot=app&unstable_transformProfile=hermes-stable:107411
[     954ms] [WARNING] ⚠️ [20:59:50] [NotificationService] Notification permissions denied @ http://localhost:8081/node_modules/expo/AppEntry.bundle?platform=web&dev=true&hot=false&lazy=true&transform.engine=hermes&transform.routerRoot=app&unstable_transformProfile=hermes-stable:107400
[     954ms] [WARNING] ⚠️ [20:59:50] [NotificationService] Skipping schedule for rem_hyd_water: notification permission denied @ http://localhost:8081/node_modules/expo/AppEntry.bundle?platform=web&dev=true&hot=false&lazy=true&transform.engine=hermes&transform.routerRoot=app&unstable_transformProfile=hermes-stable:107400
[     954ms] [LOG] 🔍 [20:59:50] [RemindersScheduler] [RemindersScheduler] Scheduling 9:00 local (UTC+2) @ http://localhost:8081/node_modules/expo/AppEntry.bundle?platform=web&dev=true&hot=false&lazy=true&transform.engine=hermes&transform.routerRoot=app&unstable_transformProfile=hermes-stable:107411
[     954ms] [LOG] ℹ️ [20:59:50] [NotificationService] Scheduling reminder: {reminderId: rem_med_prenatal_vitamins, title: 💊 Softness, hour: 9, minute: 0} @ http://localhost:8081/node_modules/expo/AppEntry.bundle?platform=web&dev=true&hot=false&lazy=true&transform.engine=hermes&transform.routerRoot=app&unstable_transformProfile=hermes-stable:107390
[     954ms] [LOG] ℹ️ [20:59:50] [NotificationService] Requesting permissions... @ http://localhost:8081/node_modules/expo/AppEntry.bundle?platform=web&dev=true&hot=false&lazy=true&transform.engine=hermes&transform.routerRoot=app&unstable_transformProfile=hermes-stable:107390
[     955ms] [LOG] 🔍 [20:59:50] [NotificationService] Existing permission status: denied @ http://localhost:8081/node_modules/expo/AppEntry.bundle?platform=web&dev=true&hot=false&lazy=true&transform.engine=hermes&transform.routerRoot=app&unstable_transformProfile=hermes-stable:107411
[     955ms] [WARNING] Notifications permission has been blocked as the user has ignored the permission prompt several times. This can be reset in Page Info which can be accessed by clicking the tune icon next to the URL. See https://www.chromestatus.com/feature/6443143280984064 for more information. @ http://localhost:8081/HomeMain:0
[     955ms] [LOG] 🔍 [20:59:50] [NotificationService] New permission status: denied @ http://localhost:8081/node_modules/expo/AppEntry.bundle?platform=web&dev=true&hot=false&lazy=true&transform.engine=hermes&transform.routerRoot=app&unstable_transformProfile=hermes-stable:107411
[     955ms] [WARNING] ⚠️ [20:59:50] [NotificationService] Notification permissions denied @ http://localhost:8081/node_modules/expo/AppEntry.bundle?platform=web&dev=true&hot=false&lazy=true&transform.engine=hermes&transform.routerRoot=app&unstable_transformProfile=hermes-stable:107400
[     955ms] [WARNING] ⚠️ [20:59:50] [NotificationService] Skipping schedule for rem_med_prenatal_vitamins: notification permission denied @ http://localhost:8081/node_modules/expo/AppEntry.bundle?platform=web&dev=true&hot=false&lazy=true&transform.engine=hermes&transform.routerRoot=app&unstable_transformProfile=hermes-stable:107400
[     955ms] [LOG] 🔍 [20:59:50] [RemindersScheduler] [RemindersScheduler] Scheduling 18:00 local (UTC+2) @ http://localhost:8081/node_modules/expo/AppEntry.bundle?platform=web&dev=true&hot=false&lazy=true&transform.engine=hermes&transform.routerRoot=app&unstable_transformProfile=hermes-stable:107411
[     955ms] [LOG] ℹ️ [20:59:50] [NotificationService] Scheduling reminder: {reminderId: rem_act_walk, title: 🌿 Softness, hour: 18, minute: 0} @ http://localhost:8081/node_modules/expo/AppEntry.bundle?platform=web&dev=true&hot=false&lazy=true&transform.engine=hermes&transform.routerRoot=app&unstable_transformProfile=hermes-stable:107390
[     955ms] [LOG] ℹ️ [20:59:50] [NotificationService] Requesting permissions... @ http://localhost:8081/node_modules/expo/AppEntry.bundle?platform=web&dev=true&hot=false&lazy=true&transform.engine=hermes&transform.routerRoot=app&unstable_transformProfile=hermes-stable:107390
[     955ms] [LOG] 🔍 [20:59:50] [NotificationService] Existing permission status: denied @ http://localhost:8081/node_modules/expo/AppEntry.bundle?platform=web&dev=true&hot=false&lazy=true&transform.engine=hermes&transform.routerRoot=app&unstable_transformProfile=hermes-stable:107411
[     955ms] [WARNING] Notifications permission has been blocked as the user has ignored the permission prompt several times. This can be reset in Page Info which can be accessed by clicking the tune icon next to the URL. See https://www.chromestatus.com/feature/6443143280984064 for more information. @ http://localhost:8081/HomeMain:0
[     955ms] [WARNING] Notifications permission has been blocked as the user has ignored the permission prompt several times. This can be reset in Page Info which can be accessed by clicking the tune icon next to the URL. See https://www.chromestatus.com/feature/6443143280984064 for more information. @ http://localhost:8081/HomeMain:0
[     955ms] [LOG] 🔍 [20:59:50] [NotificationService] New permission status: denied @ http://localhost:8081/node_modules/expo/AppEntry.bundle?platform=web&dev=true&hot=false&lazy=true&transform.engine=hermes&transform.routerRoot=app&unstable_transformProfile=hermes-stable:107411
[     955ms] [WARNING] ⚠️ [20:59:50] [NotificationService] Notification permissions denied @ http://localhost:8081/node_modules/expo/AppEntry.bundle?platform=web&dev=true&hot=false&lazy=true&transform.engine=hermes&transform.routerRoot=app&unstable_transformProfile=hermes-stable:107400
[     955ms] [WARNING] ⚠️ [20:59:50] [NotificationService] Skipping schedule for rem_act_walk: notification permission denied @ http://localhost:8081/node_modules/expo/AppEntry.bundle?platform=web&dev=true&hot=false&lazy=true&transform.engine=hermes&transform.routerRoot=app&unstable_transformProfile=hermes-stable:107400
[     955ms] [LOG] ℹ️ [20:59:50] [babyMessageService] [babyMessageService] Scheduling today's baby message for week: 1 Locale: en @ http://localhost:8081/node_modules/expo/AppEntry.bundle?platform=web&dev=true&hot=false&lazy=true&transform.engine=hermes&transform.routerRoot=app&unstable_transformProfile=hermes-stable:107390
[     956ms] [LOG] ℹ️ [20:59:50] [reminderPersistence] [reminderPersistence] Loading baby message enabled... @ http://localhost:8081/node_modules/expo/AppEntry.bundle?platform=web&dev=true&hot=false&lazy=true&transform.engine=hermes&transform.routerRoot=app&unstable_transformProfile=hermes-stable:107390
[     956ms] [LOG] ℹ️ [20:59:50] [reminderPersistence] [reminderPersistence] Baby message enabled: true @ http://localhost:8081/node_modules/expo/AppEntry.bundle?platform=web&dev=true&hot=false&lazy=true&transform.engine=hermes&transform.routerRoot=app&unstable_transformProfile=hermes-stable:107390
[     956ms] [LOG] ℹ️ [20:59:50] [babyMessageService] [babyMessageService] Getting today's message for week: 1 @ http://localhost:8081/node_modules/expo/AppEntry.bundle?platform=web&dev=true&hot=false&lazy=true&transform.engine=hermes&transform.routerRoot=app&unstable_transformProfile=hermes-stable:107390
[     956ms] [LOG] ℹ️ [20:59:50] [babyMessageService] [babyMessageService] Fetching messages for week: 1 @ http://localhost:8081/node_modules/expo/AppEntry.bundle?platform=web&dev=true&hot=false&lazy=true&transform.engine=hermes&transform.routerRoot=app&unstable_transformProfile=hermes-stable:107390
[     979ms] [WARNING] props.pointerEvents is deprecated. Use style.pointerEvents @ http://localhost:8081/node_modules/expo/AppEntry.bundle?platform=web&dev=true&hot=false&lazy=true&transform.engine=hermes&transform.routerRoot=app&unstable_transformProfile=hermes-stable:23334
[     995ms] [WARNING] Animated: `useNativeDriver` is not supported because the native animated module is missing. Falling back to JS-based animation. To resolve this, add `RCTAnimation` module to this app, or remove `useNativeDriver`. Make sure to run `bundle exec pod install` first. Read more about autolinking: https://github.com/react-native-community/cli/blob/master/docs/autolinking.md @ http://localhost:8081/node_modules/expo/AppEntry.bundle?platform=web&dev=true&hot=false&lazy=true&transform.engine=hermes&transform.routerRoot=app&unstable_transformProfile=hermes-stable:97086
[     996ms] [LOG] ℹ️ [20:59:50] [tipsService] [TipsService] 📖 Fetching tip for Week 1, Day 1 @ http://localhost:8081/node_modules/expo/AppEntry.bundle?platform=web&dev=true&hot=false&lazy=true&transform.engine=hermes&transform.routerRoot=app&unstable_transformProfile=hermes-stable:107390
[     997ms] [LOG] ℹ️ [20:59:50] [babyMessageService] [babyMessageService] 💝 Fetching message for Week 1, Day 1 @ http://localhost:8081/node_modules/expo/AppEntry.bundle?platform=web&dev=true&hot=false&lazy=true&transform.engine=hermes&transform.routerRoot=app&unstable_transformProfile=hermes-stable:107390
[     997ms] [LOG] ℹ️ [20:59:50] [babyMessageService] [babyMessageService] Fetching messages for week: 1 @ http://localhost:8081/node_modules/expo/AppEntry.bundle?platform=web&dev=true&hot=false&lazy=true&transform.engine=hermes&transform.routerRoot=app&unstable_transformProfile=hermes-stable:107390
[    1001ms] [LOG] 🔍 [20:59:50] [Analytics] Event: screen_view {firebase_screen: HomeScreen, firebase_screen_class: HomeScreen} @ http://localhost:8081/node_modules/expo/AppEntry.bundle?platform=web&dev=true&hot=false&lazy=true&transform.engine=hermes&transform.routerRoot=app&unstable_transformProfile=hermes-stable:107411
[    1001ms] [LOG] 🔍 [20:59:50] [InAppReviewService] Positive action tracked: daily_check (Total: 33) @ http://localhost:8081/node_modules/expo/AppEntry.bundle?platform=web&dev=true&hot=false&lazy=true&transform.engine=hermes&transform.routerRoot=app&unstable_transformProfile=hermes-stable:107411
[    1018ms] [LOG] 🔍 [20:59:50] [Analytics] Event: screen_view {firebase_screen: HomeScreen, firebase_screen_class: HomeScreen} @ http://localhost:8081/node_modules/expo/AppEntry.bundle?platform=web&dev=true&hot=false&lazy=true&transform.engine=hermes&transform.routerRoot=app&unstable_transformProfile=hermes-stable:107411
[    1053ms] CodedError: You cannot use the Updates module in development mode in a production app. To test usage of the expo-updates JS API in your app, make a release build with `npx expo run:ios --configuration Release` or `npx expo run:android --variant Release`.
    at Object.reloadAsync (http://localhost:8081/node_modules/expo/AppEntry.bundle?platform=web&dev=true&hot=false&lazy=true&transform.engine=hermes&transform.routerRoot=app&unstable_transformProfile=hermes-stable:142036:13)
    at http://localhost:8081/node_modules/expo/AppEntry.bundle?platform=web&dev=true&hot=false&lazy=true&transform.engine=hermes&transform.routerRoot=app&unstable_transformProfile=hermes-stable:141641:25
[    1238ms] [ERROR] ❌ [20:59:50] [babyMessageService] [babyMessageService] Error fetching messages: FirebaseError: Missing or insufficient permissions. @ http://localhost:8081/node_modules/expo/AppEntry.bundle?platform=web&dev=true&hot=false&lazy=true&transform.engine=hermes&transform.routerRoot=app&unstable_transformProfile=hermes-stable:107405
[    1238ms] [WARNING] ⚠️ [20:59:50] [babyMessageService] [babyMessageService] No messages found for week 1 @ http://localhost:8081/node_modules/expo/AppEntry.bundle?platform=web&dev=true&hot=false&lazy=true&transform.engine=hermes&transform.routerRoot=app&unstable_transformProfile=hermes-stable:107400
[    1238ms] [WARNING] ⚠️ [20:59:50] [babyMessageService] [babyMessageService] No message to schedule @ http://localhost:8081/node_modules/expo/AppEntry.bundle?platform=web&dev=true&hot=false&lazy=true&transform.engine=hermes&transform.routerRoot=app&unstable_transformProfile=hermes-stable:107400
[    1238ms] [LOG] ✅ [20:59:50] [RemindersScheduler] ✅ Synced 6 notifications (device timezone: UTC+2) @ http://localhost:8081/node_modules/expo/AppEntry.bundle?platform=web&dev=true&hot=false&lazy=true&transform.engine=hermes&transform.routerRoot=app&unstable_transformProfile=hermes-stable:107395
[    1238ms] [ERROR] ❌ [20:59:50] [babyMessageService] [babyMessageService] Error fetching messages: FirebaseError: Missing or insufficient permissions. @ http://localhost:8081/node_modules/expo/AppEntry.bundle?platform=web&dev=true&hot=false&lazy=true&transform.engine=hermes&transform.routerRoot=app&unstable_transformProfile=hermes-stable:107405
[    1238ms] [WARNING] ⚠️ [20:59:50] [babyMessageService] [babyMessageService] ⚠️  No messages found for week 1 @ http://localhost:8081/node_modules/expo/AppEntry.bundle?platform=web&dev=true&hot=false&lazy=true&transform.engine=hermes&transform.routerRoot=app&unstable_transformProfile=hermes-stable:107400
[    1239ms] [WARNING] ⚠️ [20:59:50] [useCurrentWeek] Error fetching week data: Missing or insufficient permissions. @ http://localhost:8081/node_modules/expo/AppEntry.bundle?platform=web&dev=true&hot=false&lazy=true&transform.engine=hermes&transform.routerRoot=app&unstable_transformProfile=hermes-stable:107400
[    1242ms] [LOG] 🔍 [20:59:50] [Analytics] Event: screen_view {firebase_screen: HomeScreen, firebase_screen_class: HomeScreen} @ http://localhost:8081/node_modules/expo/AppEntry.bundle?platform=web&dev=true&hot=false&lazy=true&transform.engine=hermes&transform.routerRoot=app&unstable_transformProfile=hermes-stable:107411
[    1248ms] [ERROR] ❌ [20:59:50] [tipsService] [TipsService] ❌ Error fetching tip: FirebaseError: Missing or insufficient permissions. @ http://localhost:8081/node_modules/expo/AppEntry.bundle?platform=web&dev=true&hot=false&lazy=true&transform.engine=hermes&transform.routerRoot=app&unstable_transformProfile=hermes-stable:107405
