[     418ms] [INFO] %cDownload the React DevTools for a better development experience: https://react.dev/link/react-devtools font-weight:bold @ http://localhost:8081/node_modules/expo/AppEntry.bundle?platform=web&dev=true&hot=false&lazy=true&transform.engine=hermes&transform.routerRoot=app&unstable_transformProfile=hermes-stable:18430
[     465ms] [LOG] 🔍 [19:24:11] [i18n] [i18n] ✅ i18n initialized @ http://localhost:8081/node_modules/expo/AppEntry.bundle?platform=web&dev=true&hot=false&lazy=true&transform.engine=hermes&transform.routerRoot=app&unstable_transformProfile=hermes-stable:107411
[     466ms] [WARNING] Require cycle: src/i18n/index.ts -> src/i18n/rtl.ts -> src/i18n/index.ts

Require cycles are allowed, but can result in uninitialized values. Consider refactoring to remove the need for a cycle. @ http://localhost:8081/node_modules/expo/AppEntry.bundle?platform=web&dev=true&hot=false&lazy=true&transform.engine=hermes&transform.routerRoot=app&unstable_transformProfile=hermes-stable:73
[     468ms] [WARNING] ⚠️ [19:24:11] [i18n] [i18n] Failed to register RTL listener: TypeError: Cannot read properties of undefined (reading 'isInitialized')
    at registerRTLListener (http://localhost:8081/node_modules/expo/AppEntry.bundle?platform=web&dev=true&hot=false&lazy=true&transform.engine=hermes&transform.routerRoot=app&unstable_transformProfile=hermes-stable:141667:22)
    at http://localhost:8081/node_modules/expo/AppEntry.bundle?platform=web&dev=true&hot=false&lazy=true&transform.engine=hermes&transform.routerRoot=app&unstable_transformProfile=hermes-stable:128808:5
    at loadModuleImplementation (http://localhost:8081/node_modules/expo/AppEntry.bundle?platform=web&dev=true&hot=false&lazy=true&transform.engine=hermes&transform.routerRoot=app&unstable_transformProfile=hermes-stable:254:34)
    at guardedLoadModule (http://localhost:8081/node_modules/expo/AppEntry.bundle?platform=web&dev=true&hot=false&lazy=true&transform.engine=hermes&transform.routerRoot=app&unstable_transformProfile=hermes-stable:166:14)
    at metroRequire (http://localhost:8081/node_modules/expo/AppEntry.bundle?platform=web&dev=true&hot=false&lazy=true&transform.engine=hermes&transform.routerRoot=app&unstable_transformProfile=hermes-stable:79:75)
    at http://localhost:8081/node_modules/expo/AppEntry.bundle?platform=web&dev=true&hot=false&lazy=true&transform.engine=hermes&transform.routerRoot=app&unstable_transformProfile=hermes-stable:24663:3
    at loadModuleImplementation (http://localhost:8081/node_modules/expo/AppEntry.bundle?platform=web&dev=true&hot=false&lazy=true&transform.engine=hermes&transform.routerRoot=app&unstable_transformProfile=hermes-stable:254:34)
    at guardedLoadModule (http://localhost:8081/node_modules/expo/AppEntry.bundle?platform=web&dev=true&hot=false&lazy=true&transform.engine=hermes&transform.routerRoot=app&unstable_transformProfile=hermes-stable:166:14)
    at metroRequire (http://localhost:8081/node_modules/expo/AppEntry.bundle?platform=web&dev=true&hot=false&lazy=true&transform.engine=hermes&transform.routerRoot=app&unstable_transformProfile=hermes-stable:79:75)
    at http://localhost:8081/node_modules/expo/AppEntry.bundle?platform=web&dev=true&hot=false&lazy=true&transform.engine=hermes&transform.routerRoot=app&unstable_transformProfile=hermes-stable:684:14 @ http://localhost:8081/node_modules/expo/AppEntry.bundle?platform=web&dev=true&hot=false&lazy=true&transform.engine=hermes&transform.routerRoot=app&unstable_transformProfile=hermes-stable:107400
[     485ms] [WARNING] This method is deprecated (as well as all React Native Firebase namespaced API) and will be removed in the next major release as part of move to match Firebase Web modular SDK API. Please see migration guide for more details: https://rnfirebase.io/migrating-to-v22 Please use `getApps()` instead. @ http://localhost:8081/node_modules/expo/AppEntry.bundle?platform=web&dev=true&hot=false&lazy=true&transform.engine=hermes&transform.routerRoot=app&unstable_transformProfile=hermes-stable:192144
[     494ms] [WARNING] [expo-notifications] Listening to push token changes is not yet fully supported on web. Adding a listener will have no effect. @ http://localhost:8081/node_modules/expo/AppEntry.bundle?platform=web&dev=true&hot=false&lazy=true&transform.engine=hermes&transform.routerRoot=app&unstable_transformProfile=hermes-stable:205377
[     500ms] [WARNING] "shadow*" style props are deprecated. Use "boxShadow". @ http://localhost:8081/node_modules/expo/AppEntry.bundle?platform=web&dev=true&hot=false&lazy=true&transform.engine=hermes&transform.routerRoot=app&unstable_transformProfile=hermes-stable:23334
[     605ms] [LOG] Running application "main" with appParams:
 {rootTag: #root, hydrate: undefined} 
Development-level warnings: ON.
Performance optimizations: OFF. @ http://localhost:8081/node_modules/expo/AppEntry.bundle?platform=web&dev=true&hot=false&lazy=true&transform.engine=hermes&transform.routerRoot=app&unstable_transformProfile=hermes-stable:4149
[     628ms] [LOG] ℹ️ [19:24:11] [rtl] Switching RTL mode: undefined -> false @ http://localhost:8081/node_modules/expo/AppEntry.bundle?platform=web&dev=true&hot=false&lazy=true&transform.engine=hermes&transform.routerRoot=app&unstable_transformProfile=hermes-stable:107390
[     629ms] [LOG] ℹ️ [19:24:11] [rdvNotificationService] [rdvNotificationService] Cleaned up 0 past reminders @ http://localhost:8081/node_modules/expo/AppEntry.bundle?platform=web&dev=true&hot=false&lazy=true&transform.engine=hermes&transform.routerRoot=app&unstable_transformProfile=hermes-stable:107390
[     648ms] [LOG] 🔍 [19:24:11] [PregnancyContext] [PregnancyContext] 🚀 Component mounted, user: undefined @ http://localhost:8081/node_modules/expo/AppEntry.bundle?platform=web&dev=true&hot=false&lazy=true&transform.engine=hermes&transform.routerRoot=app&unstable_transformProfile=hermes-stable:107411
[     648ms] [LOG] 🔍 [19:24:11] [PregnancyContext] [PregnancyContext] 🔍 Auto-sync effect triggered, profile.lmp: undefined isTTC: undefined @ http://localhost:8081/node_modules/expo/AppEntry.bundle?platform=web&dev=true&hot=false&lazy=true&transform.engine=hermes&transform.routerRoot=app&unstable_transformProfile=hermes-stable:107411
[     648ms] [LOG] 🔍 [19:24:11] [PregnancyContext] [PregnancyContext] ⚠️ No profile, skipping auto-sync setup @ http://localhost:8081/node_modules/expo/AppEntry.bundle?platform=web&dev=true&hot=false&lazy=true&transform.engine=hermes&transform.routerRoot=app&unstable_transformProfile=hermes-stable:107411
[     760ms] [LOG] 🔍 [19:24:11] [Analytics] Event: screen_view {firebase_screen: LanguageSelectScreen, firebase_screen_class: LanguageSelectScreen} @ http://localhost:8081/node_modules/expo/AppEntry.bundle?platform=web&dev=true&hot=false&lazy=true&transform.engine=hermes&transform.routerRoot=app&unstable_transformProfile=hermes-stable:107411
[     801ms] CodedError: You cannot use the Updates module in development mode in a production app. To test usage of the expo-updates JS API in your app, make a release build with `npx expo run:ios --configuration Release` or `npx expo run:android --variant Release`.
    at Object.reloadAsync (http://localhost:8081/node_modules/expo/AppEntry.bundle?platform=web&dev=true&hot=false&lazy=true&transform.engine=hermes&transform.routerRoot=app&unstable_transformProfile=hermes-stable:142036:13)
    at http://localhost:8081/node_modules/expo/AppEntry.bundle?platform=web&dev=true&hot=false&lazy=true&transform.engine=hermes&transform.routerRoot=app&unstable_transformProfile=hermes-stable:141641:25
[   16540ms] [WARNING] props.pointerEvents is deprecated. Use style.pointerEvents @ http://localhost:8081/node_modules/expo/AppEntry.bundle?platform=web&dev=true&hot=false&lazy=true&transform.engine=hermes&transform.routerRoot=app&unstable_transformProfile=hermes-stable:23334
[   16549ms] [LOG] ℹ️ [19:24:27] [rtl] Switching RTL mode: undefined -> false @ http://localhost:8081/node_modules/expo/AppEntry.bundle?platform=web&dev=true&hot=false&lazy=true&transform.engine=hermes&transform.routerRoot=app&unstable_transformProfile=hermes-stable:107390
[   16549ms] [LOG] 🔍 [19:24:27] [Analytics] Event: screen_view {firebase_screen: LanguageSelectScreen, firebase_screen_class: LanguageSelectScreen} @ http://localhost:8081/node_modules/expo/AppEntry.bundle?platform=web&dev=true&hot=false&lazy=true&transform.engine=hermes&transform.routerRoot=app&unstable_transformProfile=hermes-stable:107411
[   16549ms] [LOG] 🔍 [19:24:27] [Analytics] Event: screen_view {firebase_screen: LanguageSelectScreen, firebase_screen_class: LanguageSelectScreen} @ http://localhost:8081/node_modules/expo/AppEntry.bundle?platform=web&dev=true&hot=false&lazy=true&transform.engine=hermes&transform.routerRoot=app&unstable_transformProfile=hermes-stable:107411
[   16549ms] [LOG] 🔍 [19:24:27] [Analytics] Event: language_changed {language: en} @ http://localhost:8081/node_modules/expo/AppEntry.bundle?platform=web&dev=true&hot=false&lazy=true&transform.engine=hermes&transform.routerRoot=app&unstable_transformProfile=hermes-stable:107411
[   16556ms] [LOG] 🔍 [19:24:27] [Analytics] Event: screen_view {firebase_screen: LanguageSelectScreen, firebase_screen_class: LanguageSelectScreen} @ http://localhost:8081/node_modules/expo/AppEntry.bundle?platform=web&dev=true&hot=false&lazy=true&transform.engine=hermes&transform.routerRoot=app&unstable_transformProfile=hermes-stable:107411
[   16651ms] CodedError: You cannot use the Updates module in development mode in a production app. To test usage of the expo-updates JS API in your app, make a release build with `npx expo run:ios --configuration Release` or `npx expo run:android --variant Release`.
    at Object.reloadAsync (http://localhost:8081/node_modules/expo/AppEntry.bundle?platform=web&dev=true&hot=false&lazy=true&transform.engine=hermes&transform.routerRoot=app&unstable_transformProfile=hermes-stable:142036:13)
    at http://localhost:8081/node_modules/expo/AppEntry.bundle?platform=web&dev=true&hot=false&lazy=true&transform.engine=hermes&transform.routerRoot=app&unstable_transformProfile=hermes-stable:141641:25
[   26383ms] [LOG] 🔍 [19:24:37] [Analytics] Event: screen_view {firebase_screen: AuthChoiceScreen, firebase_screen_class: AuthChoiceScreen} @ http://localhost:8081/node_modules/expo/AppEntry.bundle?platform=web&dev=true&hot=false&lazy=true&transform.engine=hermes&transform.routerRoot=app&unstable_transformProfile=hermes-stable:107411
[   26383ms] [LOG] 🔍 [19:24:37] [Analytics] Event: screen_view {firebase_screen: AuthChoice, firebase_screen_class: AuthChoice} @ http://localhost:8081/node_modules/expo/AppEntry.bundle?platform=web&dev=true&hot=false&lazy=true&transform.engine=hermes&transform.routerRoot=app&unstable_transformProfile=hermes-stable:107411
[   30933ms] [LOG] 🔍 [19:24:42] [OnboardingScreen] [Onboarding] 📅 DDR direct: 2026-05-04T19:24:42.020Z @ http://localhost:8081/node_modules/expo/AppEntry.bundle?platform=web&dev=true&hot=false&lazy=true&transform.engine=hermes&transform.routerRoot=app&unstable_transformProfile=hermes-stable:107411
[   30934ms] [LOG] 🔍 [19:24:42] [pregnancyCalculator] [PregnancyCalculator] ✅ Calculated: Week 1, Day 1 (0 days since LMP) @ http://localhost:8081/node_modules/expo/AppEntry.bundle?platform=web&dev=true&hot=false&lazy=true&transform.engine=hermes&transform.routerRoot=app&unstable_transformProfile=hermes-stable:107411
[   30934ms] [LOG] 🔍 [19:24:42] [OnboardingScreen] [Onboarding] 🧮 Calculated: Week 1, Day 1 (method: ddr) @ http://localhost:8081/node_modules/expo/AppEntry.bundle?platform=web&dev=true&hot=false&lazy=true&transform.engine=hermes&transform.routerRoot=app&unstable_transformProfile=hermes-stable:107411
[   30937ms] [LOG] 🔍 [19:24:42] [OnboardingScreen] [Onboarding] 🚀 V2 Started @ http://localhost:8081/node_modules/expo/AppEntry.bundle?platform=web&dev=true&hot=false&lazy=true&transform.engine=hermes&transform.routerRoot=app&unstable_transformProfile=hermes-stable:107411
[   30954ms] [LOG] 🔍 [19:24:42] [OnboardingScreen] [Onboarding] 🌍 Detected region: FR → france @ http://localhost:8081/node_modules/expo/AppEntry.bundle?platform=web&dev=true&hot=false&lazy=true&transform.engine=hermes&transform.routerRoot=app&unstable_transformProfile=hermes-stable:107411
[   30958ms] [LOG] 🔍 [19:24:42] [Analytics] Event: screen_view {firebase_screen: OnboardingScreen, firebase_screen_class: OnboardingScreen} @ http://localhost:8081/node_modules/expo/AppEntry.bundle?platform=web&dev=true&hot=false&lazy=true&transform.engine=hermes&transform.routerRoot=app&unstable_transformProfile=hermes-stable:107411
[   30958ms] [LOG] 🔍 [19:24:42] [Analytics] Event: screen_view {firebase_screen: Onboarding, firebase_screen_class: Onboarding} @ http://localhost:8081/node_modules/expo/AppEntry.bundle?platform=web&dev=true&hot=false&lazy=true&transform.engine=hermes&transform.routerRoot=app&unstable_transformProfile=hermes-stable:107411
[   30958ms] [LOG] 🔍 [19:24:42] [Analytics] Event: screen_view {firebase_screen: OnboardingScreen, firebase_screen_class: OnboardingScreen} @ http://localhost:8081/node_modules/expo/AppEntry.bundle?platform=web&dev=true&hot=false&lazy=true&transform.engine=hermes&transform.routerRoot=app&unstable_transformProfile=hermes-stable:107411
[   41417ms] [LOG] 🔍 [19:24:52] [Analytics] Event: screen_view {firebase_screen: OnboardingScreen, firebase_screen_class: OnboardingScreen} @ http://localhost:8081/node_modules/expo/AppEntry.bundle?platform=web&dev=true&hot=false&lazy=true&transform.engine=hermes&transform.routerRoot=app&unstable_transformProfile=hermes-stable:107411
[   41588ms] [LOG] 🔍 [19:24:52] [Analytics] Event: screen_view {firebase_screen: OnboardingScreen, firebase_screen_class: OnboardingScreen} @ http://localhost:8081/node_modules/expo/AppEntry.bundle?platform=web&dev=true&hot=false&lazy=true&transform.engine=hermes&transform.routerRoot=app&unstable_transformProfile=hermes-stable:107411
[   46094ms] [LOG] 🔍 [19:24:57] [Analytics] Event: screen_view {firebase_screen: OnboardingScreen, firebase_screen_class: OnboardingScreen} @ http://localhost:8081/node_modules/expo/AppEntry.bundle?platform=web&dev=true&hot=false&lazy=true&transform.engine=hermes&transform.routerRoot=app&unstable_transformProfile=hermes-stable:107411
[   56743ms] [LOG] 🔍 [19:25:07] [Analytics] Event: screen_view {firebase_screen: OnboardingScreen, firebase_screen_class: OnboardingScreen} @ http://localhost:8081/node_modules/expo/AppEntry.bundle?platform=web&dev=true&hot=false&lazy=true&transform.engine=hermes&transform.routerRoot=app&unstable_transformProfile=hermes-stable:107411
[   63942ms] [LOG] 🔍 [19:25:15] [Analytics] Event: screen_view {firebase_screen: OnboardingScreen, firebase_screen_class: OnboardingScreen} @ http://localhost:8081/node_modules/expo/AppEntry.bundle?platform=web&dev=true&hot=false&lazy=true&transform.engine=hermes&transform.routerRoot=app&unstable_transformProfile=hermes-stable:107411
[   79270ms] [LOG] 🔍 [19:25:30] [Analytics] Event: screen_view {firebase_screen: OnboardingScreen, firebase_screen_class: OnboardingScreen} @ http://localhost:8081/node_modules/expo/AppEntry.bundle?platform=web&dev=true&hot=false&lazy=true&transform.engine=hermes&transform.routerRoot=app&unstable_transformProfile=hermes-stable:107411
[   79370ms] [VERBOSE] [DOM] Password field is not contained in a form: (More info: https://goo.gl/9p2vKq) %o @ http://localhost:8081/Onboarding:0
[   83989ms] [LOG] 🔍 [19:25:35] [OnboardingScreen] [Onboarding] 📅 DDR direct: 2026-05-04T19:24:42.020Z @ http://localhost:8081/node_modules/expo/AppEntry.bundle?platform=web&dev=true&hot=false&lazy=true&transform.engine=hermes&transform.routerRoot=app&unstable_transformProfile=hermes-stable:107411
[   83989ms] [LOG] 🔍 [19:25:35] [OnboardingScreen] [Onboarding] 🎯 handleFinish called {createAccount: false} @ http://localhost:8081/node_modules/expo/AppEntry.bundle?platform=web&dev=true&hot=false&lazy=true&transform.engine=hermes&transform.routerRoot=app&unstable_transformProfile=hermes-stable:107411
[   83989ms] [LOG] 🔍 [19:25:35] [OnboardingScreen] [Onboarding] 📊 Profile data: {firstName: Mom-to-be, lmpDate: 2026-05-04T19:24:42.020Z, dateMethod: ddr, week: 1, day: 1} @ http://localhost:8081/node_modules/expo/AppEntry.bundle?platform=web&dev=true&hot=false&lazy=true&transform.engine=hermes&transform.routerRoot=app&unstable_transformProfile=hermes-stable:107411
[   83989ms] [LOG] 🔍 [19:25:35] [OnboardingScreen] [Onboarding] 👤 Creating profile... @ http://localhost:8081/node_modules/expo/AppEntry.bundle?platform=web&dev=true&hot=false&lazy=true&transform.engine=hermes&transform.routerRoot=app&unstable_transformProfile=hermes-stable:107411
[   83989ms] [LOG] 🔍 [19:25:35] [OnboardingScreen] [Onboarding] 📅 LMP Date being saved: 2026-05-04T19:24:42.020Z @ http://localhost:8081/node_modules/expo/AppEntry.bundle?platform=web&dev=true&hot=false&lazy=true&transform.engine=hermes&transform.routerRoot=app&unstable_transformProfile=hermes-stable:107411
[   83989ms] [LOG] 🔍 [19:25:35] [AuthContext] [AuthContext] 👤 Creating profile: {firstName: Mom-to-be, country: france, city: undefined, ageRange: 25-29, isAuthenticated: false} @ http://localhost:8081/node_modules/expo/AppEntry.bundle?platform=web&dev=true&hot=false&lazy=true&transform.engine=hermes&transform.routerRoot=app&unstable_transformProfile=hermes-stable:107411
[   83989ms] [LOG] 🔍 [19:25:35] [pregnancyCalculator] [PregnancyCalculator] ✅ Calculated: Week 1, Day 1 (0 days since LMP) @ http://localhost:8081/node_modules/expo/AppEntry.bundle?platform=web&dev=true&hot=false&lazy=true&transform.engine=hermes&transform.routerRoot=app&unstable_transformProfile=hermes-stable:107411
[   83989ms] [LOG] 🔍 [19:25:35] [AuthContext] [AuthContext] 📅 Calculated current week: 1 @ http://localhost:8081/node_modules/expo/AppEntry.bundle?platform=web&dev=true&hot=false&lazy=true&transform.engine=hermes&transform.routerRoot=app&unstable_transformProfile=hermes-stable:107411
[   83992ms] [LOG] 🔍 [19:25:35] [AuthContext] [AuthContext] ✅ Profile saved to AsyncStorage @ http://localhost:8081/node_modules/expo/AppEntry.bundle?platform=web&dev=true&hot=false&lazy=true&transform.engine=hermes&transform.routerRoot=app&unstable_transformProfile=hermes-stable:107411
[   83992ms] [LOG] 🔍 [19:25:35] [AuthContext] [AuthContext] 📅 LMP saved: 2026-05-04T19:24:42.020Z @ http://localhost:8081/node_modules/expo/AppEntry.bundle?platform=web&dev=true&hot=false&lazy=true&transform.engine=hermes&transform.routerRoot=app&unstable_transformProfile=hermes-stable:107411
[   84009ms] [WARNING] Animated: `useNativeDriver` is not supported because the native animated module is missing. Falling back to JS-based animation. To resolve this, add `RCTAnimation` module to this app, or remove `useNativeDriver`. Make sure to run `bundle exec pod install` first. Read more about autolinking: https://github.com/react-native-community/cli/blob/master/docs/autolinking.md @ http://localhost:8081/node_modules/expo/AppEntry.bundle?platform=web&dev=true&hot=false&lazy=true&transform.engine=hermes&transform.routerRoot=app&unstable_transformProfile=hermes-stable:97086
[   84011ms] [LOG] ℹ️ [19:25:35] [tipsService] [TipsService] 📖 Fetching tip for Week 1, Day 1 @ http://localhost:8081/node_modules/expo/AppEntry.bundle?platform=web&dev=true&hot=false&lazy=true&transform.engine=hermes&transform.routerRoot=app&unstable_transformProfile=hermes-stable:107390
[   84012ms] [LOG] ℹ️ [19:25:35] [babyMessageService] [babyMessageService] 💝 Fetching message for Week 1, Day 1 @ http://localhost:8081/node_modules/expo/AppEntry.bundle?platform=web&dev=true&hot=false&lazy=true&transform.engine=hermes&transform.routerRoot=app&unstable_transformProfile=hermes-stable:107390
[   84012ms] [LOG] ℹ️ [19:25:35] [babyMessageService] [babyMessageService] Fetching messages for week: 1 @ http://localhost:8081/node_modules/expo/AppEntry.bundle?platform=web&dev=true&hot=false&lazy=true&transform.engine=hermes&transform.routerRoot=app&unstable_transformProfile=hermes-stable:107390
[   84014ms] [LOG] 🔍 [19:25:35] [pregnancyCalculator] [PregnancyCalculator] ✅ Calculated: Week 1, Day 1 (0 days since LMP) @ http://localhost:8081/node_modules/expo/AppEntry.bundle?platform=web&dev=true&hot=false&lazy=true&transform.engine=hermes&transform.routerRoot=app&unstable_transformProfile=hermes-stable:107411
[   84014ms] [LOG] 🔍 [19:25:35] [PregnancyContext] [PregnancyContext] 📊 Week 1, Day 1, isInvalid=false @ http://localhost:8081/node_modules/expo/AppEntry.bundle?platform=web&dev=true&hot=false&lazy=true&transform.engine=hermes&transform.routerRoot=app&unstable_transformProfile=hermes-stable:107411
[   84014ms] [LOG] 🔍 [19:25:35] [PregnancyContext] [PregnancyContext] ⚡️ Used profile from AuthContext @ http://localhost:8081/node_modules/expo/AppEntry.bundle?platform=web&dev=true&hot=false&lazy=true&transform.engine=hermes&transform.routerRoot=app&unstable_transformProfile=hermes-stable:107411
[   84023ms] [LOG] ℹ️ [19:25:35] [RemindersScheduler] 🔄 Syncing reminders (locale: en, user: guest_1777922735077)... @ http://localhost:8081/node_modules/expo/AppEntry.bundle?platform=web&dev=true&hot=false&lazy=true&transform.engine=hermes&transform.routerRoot=app&unstable_transformProfile=hermes-stable:107390
[   84023ms] [LOG] 🔍 [19:25:35] [PregnancyContext] [PregnancyContext] 🔍 Auto-sync effect triggered, profile.lmp: 2026-05-04T19:24:42.020Z isTTC: undefined @ http://localhost:8081/node_modules/expo/AppEntry.bundle?platform=web&dev=true&hot=false&lazy=true&transform.engine=hermes&transform.routerRoot=app&unstable_transformProfile=hermes-stable:107411
[   84023ms] [LOG] 🔍 [19:25:35] [PregnancyContext] [PregnancyContext] 🔄 Setting up auto-sync interval @ http://localhost:8081/node_modules/expo/AppEntry.bundle?platform=web&dev=true&hot=false&lazy=true&transform.engine=hermes&transform.routerRoot=app&unstable_transformProfile=hermes-stable:107411
[   84024ms] [LOG] 🔍 [19:25:35] [pregnancyCalculator] [PregnancyCalculator] ✅ Calculated: Week 1, Day 1 (0 days since LMP) @ http://localhost:8081/node_modules/expo/AppEntry.bundle?platform=web&dev=true&hot=false&lazy=true&transform.engine=hermes&transform.routerRoot=app&unstable_transformProfile=hermes-stable:107411
[   84024ms] [LOG] 🔍 [19:25:35] [PregnancyContext] [PregnancyContext] 📊 Week 1, Day 1, isInvalid=false @ http://localhost:8081/node_modules/expo/AppEntry.bundle?platform=web&dev=true&hot=false&lazy=true&transform.engine=hermes&transform.routerRoot=app&unstable_transformProfile=hermes-stable:107411
[   84033ms] [LOG] 🔍 [19:25:35] [Analytics] Event: screen_view {firebase_screen: OnboardingScreen, firebase_screen_class: OnboardingScreen} @ http://localhost:8081/node_modules/expo/AppEntry.bundle?platform=web&dev=true&hot=false&lazy=true&transform.engine=hermes&transform.routerRoot=app&unstable_transformProfile=hermes-stable:107411
[   84033ms] [ERROR] ❌ [19:25:35] [RemindersScheduler] [RemindersScheduler] Error cancelling owned notifications: UnavailabilityError: The method or property Notifications.getAllScheduledNotificationsAsync is not available on web, are you sure you've linked all the native dependencies properly?
    at Object.getAllScheduledNotificationsAsync (http://localhost:8081/node_modules/expo/AppEntry.bundle?platform=web&dev=true&hot=false&lazy=true&transform.engine=hermes&transform.routerRoot=app&unstable_transformProfile=hermes-stable:213276:13)
    at cancelOwnedNotifications (http://localhost:8081/node_modules/expo/AppEntry.bundle?platform=web&dev=true&hot=false&lazy=true&transform.engine=hermes&transform.routerRoot=app&unstable_transformProfile=hermes-stable:379156:45)
    at syncRemindersToNotifications (http://localhost:8081/node_modules/expo/AppEntry.bundle?platform=web&dev=true&hot=false&lazy=true&transform.engine=hermes&transform.routerRoot=app&unstable_transformProfile=hermes-stable:379203:13)
    at http://localhost:8081/node_modules/expo/AppEntry.bundle?platform=web&dev=true&hot=false&lazy=true&transform.engine=hermes&transform.routerRoot=app&unstable_transformProfile=hermes-stable:25225:73
    at react-stack-bottom-frame (http://localhost:8081/node_modules/expo/AppEntry.bundle?platform=web&dev=true&hot=false&lazy=true&transform.engine=hermes&transform.routerRoot=app&unstable_transformProfile=hermes-stable:17779:20)
    at runWithFiberInDEV (http://localhost:8081/node_modules/expo/AppEntry.bundle?platform=web&dev=true&hot=false&lazy=true&transform.engine=hermes&transform.routerRoot=app&unstable_transformProfile=hermes-stable:5698:70)
    at commitHookEffectListMount (http://localhost:8081/node_modules/expo/AppEntry.bundle?platform=web&dev=true&hot=false&lazy=true&transform.engine=hermes&transform.routerRoot=app&unstable_transformProfile=hermes-stable:10688:620)
    at commitHookPassiveMountEffects (http://localhost:8081/node_modules/expo/AppEntry.bundle?platform=web&dev=true&hot=false&lazy=true&transform.engine=hermes&transform.routerRoot=app&unstable_transformProfile=hermes-stable:10725:58)
    at commitPassiveMountOnFiber (http://localhost:8081/node_modules/expo/AppEntry.bundle?platform=web&dev=true&hot=false&lazy=true&transform.engine=hermes&transform.routerRoot=app&unstable_transformProfile=hermes-stable:11627:27)
    at recursivelyTraversePassiveMountEffects (http://localhost:8081/node_modules/expo/AppEntry.bundle?platform=web&dev=true&hot=false&lazy=true&transform.engine=hermes&transform.routerRoot=app&unstable_transformProfile=hermes-stable:11618:106) @ http://localhost:8081/node_modules/expo/AppEntry.bundle?platform=web&dev=true&hot=false&lazy=true&transform.engine=hermes&transform.routerRoot=app&unstable_transformProfile=hermes-stable:107405
[   84033ms] [LOG] 🔍 [19:25:35] [OnboardingScreen] [Onboarding] ✅ Profile created successfully! @ http://localhost:8081/node_modules/expo/AppEntry.bundle?platform=web&dev=true&hot=false&lazy=true&transform.engine=hermes&transform.routerRoot=app&unstable_transformProfile=hermes-stable:107411
[   84033ms] [LOG] 🔍 [19:25:35] [OnboardingScreen] [Onboarding] 📅 LMP saved: 2026-05-04T19:24:42.020Z @ http://localhost:8081/node_modules/expo/AppEntry.bundle?platform=web&dev=true&hot=false&lazy=true&transform.engine=hermes&transform.routerRoot=app&unstable_transformProfile=hermes-stable:107411
[   84033ms] [LOG] 🔍 [19:25:35] [OnboardingScreen] [Onboarding] 📊 Week 1, Day 1 @ http://localhost:8081/node_modules/expo/AppEntry.bundle?platform=web&dev=true&hot=false&lazy=true&transform.engine=hermes&transform.routerRoot=app&unstable_transformProfile=hermes-stable:107411
[   84033ms] [LOG] 🔍 [19:25:35] [OnboardingScreen] [Onboarding] ✅ Profile created, navigating to Home @ http://localhost:8081/node_modules/expo/AppEntry.bundle?platform=web&dev=true&hot=false&lazy=true&transform.engine=hermes&transform.routerRoot=app&unstable_transformProfile=hermes-stable:107411
[   84033ms] [LOG] 🔍 [19:25:35] [Analytics] Event: screen_view {firebase_screen: HomeScreen, firebase_screen_class: HomeScreen} @ http://localhost:8081/node_modules/expo/AppEntry.bundle?platform=web&dev=true&hot=false&lazy=true&transform.engine=hermes&transform.routerRoot=app&unstable_transformProfile=hermes-stable:107411
[   84033ms] [LOG] 🔍 [19:25:35] [InAppReviewService] Positive action tracked: daily_check (Total: 1) @ http://localhost:8081/node_modules/expo/AppEntry.bundle?platform=web&dev=true&hot=false&lazy=true&transform.engine=hermes&transform.routerRoot=app&unstable_transformProfile=hermes-stable:107411
[   84033ms] [LOG] 🔍 [19:25:35] [Analytics] Event: screen_view {firebase_screen: HomeScreen, firebase_screen_class: HomeScreen} @ http://localhost:8081/node_modules/expo/AppEntry.bundle?platform=web&dev=true&hot=false&lazy=true&transform.engine=hermes&transform.routerRoot=app&unstable_transformProfile=hermes-stable:107411
[   84034ms] [LOG] 🔍 [19:25:35] [Analytics] Event: screen_view {firebase_screen: HomeMain, firebase_screen_class: HomeMain} @ http://localhost:8081/node_modules/expo/AppEntry.bundle?platform=web&dev=true&hot=false&lazy=true&transform.engine=hermes&transform.routerRoot=app&unstable_transformProfile=hermes-stable:107411
[   84034ms] [LOG] 🔍 [19:25:35] [Analytics] Event: screen_view {firebase_screen: HomeScreen, firebase_screen_class: HomeScreen} @ http://localhost:8081/node_modules/expo/AppEntry.bundle?platform=web&dev=true&hot=false&lazy=true&transform.engine=hermes&transform.routerRoot=app&unstable_transformProfile=hermes-stable:107411
[   84036ms] [LOG] 🔍 [19:25:35] [Analytics] Event: screen_view {firebase_screen: HomeScreen, firebase_screen_class: HomeScreen} @ http://localhost:8081/node_modules/expo/AppEntry.bundle?platform=web&dev=true&hot=false&lazy=true&transform.engine=hermes&transform.routerRoot=app&unstable_transformProfile=hermes-stable:107411
[   84036ms] [LOG] 🔍 [19:25:35] [RemindersScheduler] [RemindersScheduler] Scheduling 9:00 local (UTC+2) @ http://localhost:8081/node_modules/expo/AppEntry.bundle?platform=web&dev=true&hot=false&lazy=true&transform.engine=hermes&transform.routerRoot=app&unstable_transformProfile=hermes-stable:107411
[   84036ms] [LOG] ℹ️ [19:25:35] [NotificationService] Scheduling reminder: {reminderId: rem_med_prenatal_vitamins, title: 💊 Softness, hour: 9, minute: 0} @ http://localhost:8081/node_modules/expo/AppEntry.bundle?platform=web&dev=true&hot=false&lazy=true&transform.engine=hermes&transform.routerRoot=app&unstable_transformProfile=hermes-stable:107390
[   84036ms] [LOG] ℹ️ [19:25:35] [NotificationService] Requesting permissions... @ http://localhost:8081/node_modules/expo/AppEntry.bundle?platform=web&dev=true&hot=false&lazy=true&transform.engine=hermes&transform.routerRoot=app&unstable_transformProfile=hermes-stable:107390
[   84081ms] [LOG] 🔍 [19:25:35] [NotificationService] Existing permission status: undetermined @ http://localhost:8081/node_modules/expo/AppEntry.bundle?platform=web&dev=true&hot=false&lazy=true&transform.engine=hermes&transform.routerRoot=app&unstable_transformProfile=hermes-stable:107411
[   84331ms] [WARNING] ⚠️ [19:25:35] [useCurrentWeek] Error fetching week data: Missing or insufficient permissions. @ http://localhost:8081/node_modules/expo/AppEntry.bundle?platform=web&dev=true&hot=false&lazy=true&transform.engine=hermes&transform.routerRoot=app&unstable_transformProfile=hermes-stable:107400
[   84333ms] [LOG] 🔍 [19:25:35] [Analytics] Event: screen_view {firebase_screen: HomeScreen, firebase_screen_class: HomeScreen} @ http://localhost:8081/node_modules/expo/AppEntry.bundle?platform=web&dev=true&hot=false&lazy=true&transform.engine=hermes&transform.routerRoot=app&unstable_transformProfile=hermes-stable:107411
[   84335ms] [ERROR] ❌ [19:25:35] [babyMessageService] [babyMessageService] Error fetching messages: FirebaseError: Missing or insufficient permissions. @ http://localhost:8081/node_modules/expo/AppEntry.bundle?platform=web&dev=true&hot=false&lazy=true&transform.engine=hermes&transform.routerRoot=app&unstable_transformProfile=hermes-stable:107405
[   84335ms] [WARNING] ⚠️ [19:25:35] [babyMessageService] [babyMessageService] ⚠️  No messages found for week 1 @ http://localhost:8081/node_modules/expo/AppEntry.bundle?platform=web&dev=true&hot=false&lazy=true&transform.engine=hermes&transform.routerRoot=app&unstable_transformProfile=hermes-stable:107400
[   84336ms] [ERROR] ❌ [19:25:35] [tipsService] [TipsService] ❌ Error fetching tip: FirebaseError: Missing or insufficient permissions. @ http://localhost:8081/node_modules/expo/AppEntry.bundle?platform=web&dev=true&hot=false&lazy=true&transform.engine=hermes&transform.routerRoot=app&unstable_transformProfile=hermes-stable:107405
[   96544ms] [LOG] 🔍 [19:25:47] [pregnancyCalculator] [PregnancyCalculator] ✅ Calculated: Week 1, Day 1 (0 days since LMP) @ http://localhost:8081/node_modules/expo/AppEntry.bundle?platform=web&dev=true&hot=false&lazy=true&transform.engine=hermes&transform.routerRoot=app&unstable_transformProfile=hermes-stable:107411
[   96545ms] [LOG] ℹ️ [19:25:47] [CalendarScreen] Loading calendar data for user: found (week 1) @ http://localhost:8081/node_modules/expo/AppEntry.bundle?platform=web&dev=true&hot=false&lazy=true&transform.engine=hermes&transform.routerRoot=app&unstable_transformProfile=hermes-stable:107390
[   96545ms] [LOG] ℹ️ [19:25:47] [CalendarService] Loading calendar templates from Firestore... @ http://localhost:8081/node_modules/expo/AppEntry.bundle?platform=web&dev=true&hot=false&lazy=true&transform.engine=hermes&transform.routerRoot=app&unstable_transformProfile=hermes-stable:107390
[   96551ms] [LOG] 🔍 [19:25:47] [Analytics] Event: screen_view {firebase_screen: CalendarScreen, firebase_screen_class: CalendarScreen} @ http://localhost:8081/node_modules/expo/AppEntry.bundle?platform=web&dev=true&hot=false&lazy=true&transform.engine=hermes&transform.routerRoot=app&unstable_transformProfile=hermes-stable:107411
[   96551ms] [LOG] 🔍 [19:25:47] [Analytics] Event: screen_view {firebase_screen: CalendarMain, firebase_screen_class: CalendarMain} @ http://localhost:8081/node_modules/expo/AppEntry.bundle?platform=web&dev=true&hot=false&lazy=true&transform.engine=hermes&transform.routerRoot=app&unstable_transformProfile=hermes-stable:107411
[   96551ms] [LOG] 🔍 [19:25:47] [Analytics] Event: screen_view {firebase_screen: CalendarScreen, firebase_screen_class: CalendarScreen} @ http://localhost:8081/node_modules/expo/AppEntry.bundle?platform=web&dev=true&hot=false&lazy=true&transform.engine=hermes&transform.routerRoot=app&unstable_transformProfile=hermes-stable:107411
[   96636ms] [ERROR] ❌ [19:25:47] [CalendarService] Error loading calendar templates: FirebaseError: Missing or insufficient permissions. @ http://localhost:8081/node_modules/expo/AppEntry.bundle?platform=web&dev=true&hot=false&lazy=true&transform.engine=hermes&transform.routerRoot=app&unstable_transformProfile=hermes-stable:107405
[   96636ms] [LOG] ℹ️ [19:25:47] [CalendarScreen] Loaded 0 templates and 0 user events @ http://localhost:8081/node_modules/expo/AppEntry.bundle?platform=web&dev=true&hot=false&lazy=true&transform.engine=hermes&transform.routerRoot=app&unstable_transformProfile=hermes-stable:107390
[   96665ms] [LOG] 🔍 [19:25:47] [Analytics] Event: screen_view {firebase_screen: CalendarScreen, firebase_screen_class: CalendarScreen} @ http://localhost:8081/node_modules/expo/AppEntry.bundle?platform=web&dev=true&hot=false&lazy=true&transform.engine=hermes&transform.routerRoot=app&unstable_transformProfile=hermes-stable:107411
[  100401ms] [LOG] 🔍 [19:25:51] [ArticlesListScreen] [ArticlesListScreen] 📚 Fetching all articles (old + Antigravity)... @ http://localhost:8081/node_modules/expo/AppEntry.bundle?platform=web&dev=true&hot=false&lazy=true&transform.engine=hermes&transform.routerRoot=app&unstable_transformProfile=hermes-stable:107411
[  100403ms] [LOG] 🔍 [19:25:51] [Analytics] Event: screen_view {firebase_screen: ArticlesListScreen, firebase_screen_class: ArticlesListScreen} @ http://localhost:8081/node_modules/expo/AppEntry.bundle?platform=web&dev=true&hot=false&lazy=true&transform.engine=hermes&transform.routerRoot=app&unstable_transformProfile=hermes-stable:107411
[  100403ms] [LOG] 🔍 [19:25:51] [Analytics] Event: screen_view {firebase_screen: ResourcesScreen, firebase_screen_class: ResourcesScreen} @ http://localhost:8081/node_modules/expo/AppEntry.bundle?platform=web&dev=true&hot=false&lazy=true&transform.engine=hermes&transform.routerRoot=app&unstable_transformProfile=hermes-stable:107411
[  100403ms] [LOG] 🔍 [19:25:51] [Analytics] Event: screen_view {firebase_screen: Articles, firebase_screen_class: Articles} @ http://localhost:8081/node_modules/expo/AppEntry.bundle?platform=web&dev=true&hot=false&lazy=true&transform.engine=hermes&transform.routerRoot=app&unstable_transformProfile=hermes-stable:107411
[  100471ms] [ERROR] ❌ [19:25:51] [ArticlesListScreen] [ArticlesListScreen] ❌ Error fetching articles: FirebaseError: Missing or insufficient permissions. @ http://localhost:8081/node_modules/expo/AppEntry.bundle?platform=web&dev=true&hot=false&lazy=true&transform.engine=hermes&transform.routerRoot=app&unstable_transformProfile=hermes-stable:107405
[  100473ms] [LOG] 🔍 [19:25:51] [Analytics] Event: screen_view {firebase_screen: ArticlesListScreen, firebase_screen_class: ArticlesListScreen} @ http://localhost:8081/node_modules/expo/AppEntry.bundle?platform=web&dev=true&hot=false&lazy=true&transform.engine=hermes&transform.routerRoot=app&unstable_transformProfile=hermes-stable:107411
[  519730ms] [LOG] 🔍 [19:32:50] [Analytics] Event: screen_view {firebase_screen: SupplementsListScreen, firebase_screen_class: SupplementsListScreen} @ http://localhost:8081/node_modules/expo/AppEntry.bundle?platform=web&dev=true&hot=false&lazy=true&transform.engine=hermes&transform.routerRoot=app&unstable_transformProfile=hermes-stable:107411
[  519730ms] [LOG] 🔍 [19:32:50] [Analytics] Event: screen_view {firebase_screen: Compléments, firebase_screen_class: Compléments} @ http://localhost:8081/node_modules/expo/AppEntry.bundle?platform=web&dev=true&hot=false&lazy=true&transform.engine=hermes&transform.routerRoot=app&unstable_transformProfile=hermes-stable:107411
[  519999ms] [ERROR] ❌ [19:32:51] [SupplementsListScreen] Error fetching supplements: FirebaseError: Missing or insufficient permissions. @ http://localhost:8081/node_modules/expo/AppEntry.bundle?platform=web&dev=true&hot=false&lazy=true&transform.engine=hermes&transform.routerRoot=app&unstable_transformProfile=hermes-stable:107405
[  520000ms] [LOG] 🔍 [19:32:51] [Analytics] Event: screen_view {firebase_screen: SupplementsListScreen, firebase_screen_class: SupplementsListScreen} @ http://localhost:8081/node_modules/expo/AppEntry.bundle?platform=web&dev=true&hot=false&lazy=true&transform.engine=hermes&transform.routerRoot=app&unstable_transformProfile=hermes-stable:107411
[  529064ms] [LOG] 🔍 [19:33:00] [Analytics] Event: screen_view {firebase_screen: HomeScreen, firebase_screen_class: HomeScreen} @ http://localhost:8081/node_modules/expo/AppEntry.bundle?platform=web&dev=true&hot=false&lazy=true&transform.engine=hermes&transform.routerRoot=app&unstable_transformProfile=hermes-stable:107411
[  529065ms] [LOG] 🔍 [19:33:00] [Analytics] Event: screen_view {firebase_screen: HomeMain, firebase_screen_class: HomeMain} @ http://localhost:8081/node_modules/expo/AppEntry.bundle?platform=web&dev=true&hot=false&lazy=true&transform.engine=hermes&transform.routerRoot=app&unstable_transformProfile=hermes-stable:107411
[  529065ms] [LOG] 🔍 [19:33:00] [Analytics] Event: screen_view {firebase_screen: HomeScreen, firebase_screen_class: HomeScreen} @ http://localhost:8081/node_modules/expo/AppEntry.bundle?platform=web&dev=true&hot=false&lazy=true&transform.engine=hermes&transform.routerRoot=app&unstable_transformProfile=hermes-stable:107411
